<?xml version="1.0" encoding="UTF-8"?>
<testng-results skipped="0" failed="1" ignored="0" total="1" passed="0">
  <reporter-output>
  </reporter-output>
  <suite name="Suite" duration-ms="29722" started-at="2019-04-03T16:09:39Z" finished-at="2019-04-03T16:10:09Z">
    <groups>
    </groups>
    <test name="Test" duration-ms="29722" started-at="2019-04-03T16:09:39Z" finished-at="2019-04-03T16:10:09Z">
      <class name="testcases.TC002_ResultView">
        <test-method status="PASS" signature="beforeSuite()[pri:0, instance:testcases.TC002_ResultView@148080bb]" name="beforeSuite" is-config="true" duration-ms="2569" started-at="2019-04-03T21:39:37Z" finished-at="2019-04-03T21:39:39Z">
          <reporter-output>
          </reporter-output>
        </test-method> <!-- beforeSuite -->
        <test-method status="PASS" signature="setData()[pri:0, instance:testcases.TC002_ResultView@148080bb]" name="setData" is-config="true" duration-ms="1" started-at="2019-04-03T21:39:39Z" finished-at="2019-04-03T21:39:39Z">
          <reporter-output>
          </reporter-output>
        </test-method> <!-- setData -->
        <test-method status="PASS" signature="beforeClass()[pri:0, instance:testcases.TC002_ResultView@148080bb]" name="beforeClass" is-config="true" duration-ms="2" started-at="2019-04-03T21:39:39Z" finished-at="2019-04-03T21:39:39Z">
          <reporter-output>
          </reporter-output>
        </test-method> <!-- beforeClass -->
        <test-method status="PASS" signature="beforeMethod()[pri:0, instance:testcases.TC002_ResultView@148080bb]" name="beforeMethod" is-config="true" duration-ms="6116" started-at="2019-04-03T21:39:40Z" finished-at="2019-04-03T21:39:46Z">
          <reporter-output>
          </reporter-output>
        </test-method> <!-- beforeMethod -->
        <test-method status="FAIL" signature="ValidUsernameAndPassword(java.lang.String, java.lang.String, java.lang.String, java.lang.String, java.lang.String, java.lang.String, java.lang.String, java.lang.String, java.lang.String, java.lang.String, java.lang.String)[pri:0, instance:testcases.TC002_ResultView@148080bb]" name="ValidUsernameAndPassword" duration-ms="22989" started-at="2019-04-03T21:39:46Z" data-provider="fetchData" finished-at="2019-04-03T21:40:09Z">
          <params>
            <param index="0">
              <value>
                <![CDATA[administrator]]>
              </value>
            </param>
            <param index="1">
              <value>
                <![CDATA[password-1]]>
              </value>
            </param>
            <param index="2">
              <value>
                <![CDATA[Rajivi vasagam]]>
              </value>
            </param>
            <param index="3">
              <value>
                <![CDATA[CVR Energy]]>
              </value>
            </param>
            <param index="4">
              <value>
                <![CDATA[Mike Facker]]>
              </value>
            </param>
            <param index="5">
              <value>
                <![CDATA[vinoth]]>
              </value>
            </param>
            <param index="6">
              <value>
                <![CDATA[]]>
              </value>
            </param>
            <param index="7">
              <value is-null="true"/>
            </param>
            <param index="8">
              <value>
                <![CDATA[New Description]]>
              </value>
            </param>
            <param index="9">
              <value>
                <![CDATA[New Comment]]>
              </value>
            </param>
            <param index="10">
              <value>
                <![CDATA[Save and Close]]>
              </value>
            </param>
          </params>
          <exception class="java.lang.RuntimeException">
            <full-stacktrace>
              <![CDATA[java.lang.RuntimeException
	at utils.Reporter.reportStep(Reporter.java:59)
	at wdMethods.SeMethods.doubleClickElements(SeMethods.java:141)
	at pages.SampleCheckinEdit.doubleClickSCESelectRecievedBy(SampleCheckinEdit.java:256)
	at testcases.TC002_ResultView.ValidUsernameAndPassword(TC002_ResultView.java:31)
	at sun.reflect.NativeMethodAccessorImpl.invoke0(Native Method)
	at sun.reflect.NativeMethodAccessorImpl.invoke(Unknown Source)
	at sun.reflect.DelegatingMethodAccessorImpl.invoke(Unknown Source)
	at java.lang.reflect.Method.invoke(Unknown Source)
	at org.testng.internal.MethodInvocationHelper.invokeMethod(MethodInvocationHelper.java:108)
	at org.testng.internal.Invoker.invokeMethod(Invoker.java:661)
	at org.testng.internal.Invoker.invokeTestMethod(Invoker.java:869)
	at org.testng.internal.Invoker.invokeTestMethods(Invoker.java:1193)
	at org.testng.internal.TestMethodWorker.invokeTestMethods(TestMethodWorker.java:126)
	at org.testng.internal.TestMethodWorker.run(TestMethodWorker.java:109)
	at org.testng.TestRunner.privateRun(TestRunner.java:744)
	at org.testng.TestRunner.run(TestRunner.java:602)
	at org.testng.SuiteRunner.runTest(SuiteRunner.java:380)
	at org.testng.SuiteRunner.runSequentially(SuiteRunner.java:375)
	at org.testng.SuiteRunner.privateRun(SuiteRunner.java:340)
	at org.testng.SuiteRunner.run(SuiteRunner.java:289)
	at org.testng.SuiteRunnerWorker.runSuite(SuiteRunnerWorker.java:52)
	at org.testng.SuiteRunnerWorker.run(SuiteRunnerWorker.java:86)
	at org.testng.TestNG.runSuitesSequentially(TestNG.java:1301)
	at org.testng.TestNG.runSuitesLocally(TestNG.java:1226)
	at org.testng.TestNG.runSuites(TestNG.java:1144)
	at org.testng.TestNG.run(TestNG.java:1115)
	at org.testng.remote.AbstractRemoteTestNG.run(AbstractRemoteTestNG.java:114)
	at org.testng.remote.RemoteTestNG.initAndRun(RemoteTestNG.java:251)
	at org.testng.remote.RemoteTestNG.main(RemoteTestNG.java:77)
]]>
            </full-stacktrace>
          </exception> <!-- java.lang.RuntimeException -->
          <reporter-output>
          </reporter-output>
        </test-method> <!-- ValidUsernameAndPassword -->
        <test-method status="PASS" signature="afterMethod()[pri:0, instance:testcases.TC002_ResultView@148080bb]" name="afterMethod" is-config="true" duration-ms="1" started-at="2019-04-03T21:40:09Z" finished-at="2019-04-03T21:40:09Z">
          <reporter-output>
          </reporter-output>
        </test-method> <!-- afterMethod -->
        <test-method status="PASS" signature="afterTest()[pri:0, instance:testcases.TC002_ResultView@148080bb]" name="afterTest" is-config="true" duration-ms="0" started-at="2019-04-03T21:40:09Z" finished-at="2019-04-03T21:40:09Z">
          <reporter-output>
          </reporter-output>
        </test-method> <!-- afterTest -->
        <test-method status="PASS" signature="afterSuite()[pri:0, instance:testcases.TC002_ResultView@148080bb]" name="afterSuite" is-config="true" duration-ms="623" started-at="2019-04-03T21:40:09Z" finished-at="2019-04-03T21:40:10Z">
          <reporter-output>
          </reporter-output>
        </test-method> <!-- afterSuite -->
      </class> <!-- testcases.TC002_ResultView -->
    </test> <!-- Test -->
  </suite> <!-- Suite -->
</testng-results>
