<?xml version="1.0" encoding="UTF-8"?>
<!-- Generated by org.testng.reporters.JUnitXMLReporter -->
<testsuite hostname="BTLIMS19" ignored="0" name="Test" tests="1" failures="1" timestamp="12 Mar 2019 16:51:17 GMT" time="0.578" errors="0">
  <testcase name="ValidUsernameAndPassword" time="0.553" classname="testcases.TC001_LoginLogout">
    <failure type="org.testng.internal.reflect.MethodMatcherException" message="
Data provider mismatch
Method: ValidUsernameAndPassword([])
Arguments: [(java.lang.String)administrator,(java.lang.String)password-1]">
      <![CDATA[org.testng.internal.reflect.MethodMatcherException: 
Data provider mismatch
Method: ValidUsernameAndPassword([])
Arguments: [(java.lang.String)administrator,(java.lang.String)password-1]
	at java.util.concurrent.FutureTask.run(Unknown Source)
	at java.util.concurrent.ThreadPoolExecutor.runWorker(Unknown Source)
	at java.util.concurrent.ThreadPoolExecutor$Worker.run(Unknown Source)
	at java.lang.Thread.run(Unknown Source)
... Removed 11 stack frames]]>
    </failure>
  </testcase> <!-- ValidUsernameAndPassword -->
</testsuite> <!-- Test -->
